<?xml version="1.0" encoding="UTF-8"?>
<testng-results ignored="0" total="16" passed="14" failed="2" skipped="0">
  <reporter-output>
  </reporter-output>
  <suite started-at="2025-01-01T22:41:10 GMT" name="AuthSuite" finished-at="2025-01-01T22:41:22 GMT" duration-ms="12108">
    <groups>
    </groups>
    <test started-at="2025-01-01T22:41:10 GMT" name="AuthTest" finished-at="2025-01-01T22:41:13 GMT" duration-ms="3251">
      <class name="api.tests.AuthServiceTest">
        <test-method is-config="true" signature="setup()[pri:0, instance:api.tests.AuthServiceTest@2473d930]" started-at="2025-01-01T22:41:10 GMT" name="setup" finished-at="2025-01-01T22:41:10 GMT" duration-ms="147" status="PASS">
          <reporter-output>
          </reporter-output>
        </test-method> <!-- setup -->
        <test-method signature="testSuccessfulAuthentication()[pri:1, instance:api.tests.AuthServiceTest@2473d930]" started-at="2025-01-01T22:41:10 GMT" name="testSuccessfulAuthentication" finished-at="2025-01-01T22:41:12 GMT" duration-ms="1499" status="PASS">
          <reporter-output>
          </reporter-output>
        </test-method> <!-- testSuccessfulAuthentication -->
        <test-method signature="testAuthenticationWithInvalidCredentials()[pri:2, instance:api.tests.AuthServiceTest@2473d930]" started-at="2025-01-01T22:41:12 GMT" name="testAuthenticationWithInvalidCredentials" finished-at="2025-01-01T22:41:13 GMT" duration-ms="912" status="PASS">
          <reporter-output>
          </reporter-output>
        </test-method> <!-- testAuthenticationWithInvalidCredentials -->
        <test-method signature="testServerErrorDuringAuthentication()[pri:3, instance:api.tests.AuthServiceTest@2473d930]" started-at="2025-01-01T22:41:13 GMT" name="testServerErrorDuringAuthentication" finished-at="2025-01-01T22:41:13 GMT" duration-ms="564" status="FAIL">
          <exception class="java.lang.AssertionError">
            <message>
              <![CDATA[Error message should indicate server-side issue expected [true] but found [false]]]>
            </message>
            <full-stacktrace>
              <![CDATA[java.lang.AssertionError: Error message should indicate server-side issue expected [true] but found [false]
at org.testng.Assert.fail(Assert.java:111)
at org.testng.Assert.failNotEquals(Assert.java:1578)
at org.testng.Assert.assertTrue(Assert.java:57)
at api.tests.AuthServiceTest.testServerErrorDuringAuthentication(AuthServiceTest.java:94)
at java.base/jdk.internal.reflect.DirectMethodHandleAccessor.invoke(DirectMethodHandleAccessor.java:103)
at java.base/java.lang.reflect.Method.invoke(Method.java:580)
at org.testng.internal.invokers.MethodInvocationHelper.invokeMethod(MethodInvocationHelper.java:141)
at org.testng.internal.invokers.TestInvoker.invokeMethod(TestInvoker.java:686)
at org.testng.internal.invokers.TestInvoker.invokeTestMethod(TestInvoker.java:230)
at org.testng.internal.invokers.MethodRunner.runInSequence(MethodRunner.java:63)
at org.testng.internal.invokers.TestInvoker$MethodInvocationAgent.invoke(TestInvoker.java:992)
at org.testng.internal.invokers.TestInvoker.invokeTestMethods(TestInvoker.java:203)
at org.testng.internal.invokers.TestMethodWorker.invokeTestMethods(TestMethodWorker.java:154)
at org.testng.internal.invokers.TestMethodWorker.run(TestMethodWorker.java:134)
at java.base/java.util.ArrayList.forEach(ArrayList.java:1597)
at org.testng.TestRunner.privateRun(TestRunner.java:739)
at org.testng.TestRunner.run(TestRunner.java:614)
at org.testng.SuiteRunner.runTest(SuiteRunner.java:421)
at org.testng.SuiteRunner.runSequentially(SuiteRunner.java:413)
at org.testng.SuiteRunner.privateRun(SuiteRunner.java:373)
at org.testng.SuiteRunner.run(SuiteRunner.java:312)
at org.testng.SuiteRunnerWorker.runSuite(SuiteRunnerWorker.java:52)
at org.testng.SuiteRunnerWorker.run(SuiteRunnerWorker.java:95)
at org.testng.TestNG.runSuitesSequentially(TestNG.java:1274)
at org.testng.TestNG.runSuitesLocally(TestNG.java:1208)
at org.testng.TestNG.runSuites(TestNG.java:1112)
at org.testng.TestNG.run(TestNG.java:1079)
at org.apache.maven.surefire.testng.TestNGExecutor.run(TestNGExecutor.java:283)
at org.apache.maven.surefire.testng.TestNGXmlTestSuite.execute(TestNGXmlTestSuite.java:75)
at org.apache.maven.surefire.testng.TestNGProvider.invoke(TestNGProvider.java:120)
at org.apache.maven.surefire.booter.ForkedBooter.invokeProviderInSameClassLoader(ForkedBooter.java:384)
at org.apache.maven.surefire.booter.ForkedBooter.runSuitesInProcess(ForkedBooter.java:345)
at org.apache.maven.surefire.booter.ForkedBooter.execute(ForkedBooter.java:126)
at org.apache.maven.surefire.booter.ForkedBooter.main(ForkedBooter.java:418)
]]>
            </full-stacktrace>
          </exception> <!-- java.lang.AssertionError -->
          <reporter-output>
          </reporter-output>
        </test-method> <!-- testServerErrorDuringAuthentication -->
      </class> <!-- api.tests.AuthServiceTest -->
    </test> <!-- AuthTest -->
    <test started-at="2025-01-01T22:41:14 GMT" name="ServiceTest" finished-at="2025-01-01T22:41:19 GMT" duration-ms="5127">
      <class name="api.tests.VideoServiceTest">
        <test-method is-config="true" signature="setUp()[pri:0, instance:api.tests.VideoServiceTest@3d51f06e]" started-at="2025-01-01T22:41:14 GMT" name="setUp" finished-at="2025-01-01T22:41:14 GMT" duration-ms="0" status="PASS">
          <reporter-output>
          </reporter-output>
        </test-method> <!-- setUp -->
        <test-method signature="testPostVideo()[pri:1, instance:api.tests.VideoServiceTest@3d51f06e]" started-at="2025-01-01T22:41:14 GMT" name="testPostVideo" finished-at="2025-01-01T22:41:15 GMT" duration-ms="1106" status="PASS">
          <reporter-output>
          </reporter-output>
        </test-method> <!-- testPostVideo -->
        <test-method signature="testGetVideoById()[pri:2, instance:api.tests.VideoServiceTest@3d51f06e]" started-at="2025-01-01T22:41:15 GMT" name="testGetVideoById" finished-at="2025-01-01T22:41:15 GMT" duration-ms="575" status="PASS">
          <reporter-output>
          </reporter-output>
        </test-method> <!-- testGetVideoById -->
        <test-method is-config="true" signature="setUp()[pri:0, instance:api.tests.VideoServiceTest@3d51f06e]" started-at="2025-01-01T22:41:15 GMT" name="setUp" finished-at="2025-01-01T22:41:15 GMT" duration-ms="0" status="PASS">
          <reporter-output>
          </reporter-output>
        </test-method> <!-- setUp -->
        <test-method is-config="true" signature="setUp()[pri:0, instance:api.tests.VideoServiceTest@3d51f06e]" started-at="2025-01-01T22:41:15 GMT" name="setUp" finished-at="2025-01-01T22:41:15 GMT" duration-ms="1" status="PASS">
          <reporter-output>
          </reporter-output>
        </test-method> <!-- setUp -->
        <test-method signature="testPutVideo()[pri:3, instance:api.tests.VideoServiceTest@3d51f06e]" started-at="2025-01-01T22:41:15 GMT" name="testPutVideo" finished-at="2025-01-01T22:41:16 GMT" duration-ms="628" status="PASS">
          <reporter-output>
          </reporter-output>
        </test-method> <!-- testPutVideo -->
        <test-method is-config="true" signature="setUp()[pri:0, instance:api.tests.VideoServiceTest@3d51f06e]" started-at="2025-01-01T22:41:16 GMT" name="setUp" finished-at="2025-01-01T22:41:16 GMT" duration-ms="1" status="PASS">
          <reporter-output>
          </reporter-output>
        </test-method> <!-- setUp -->
        <test-method signature="testDeleteVideo()[pri:4, instance:api.tests.VideoServiceTest@3d51f06e]" started-at="2025-01-01T22:41:16 GMT" name="testDeleteVideo" finished-at="2025-01-01T22:41:16 GMT" duration-ms="581" status="PASS">
          <reporter-output>
          </reporter-output>
        </test-method> <!-- testDeleteVideo -->
        <test-method signature="testPostVideoWithInvalidToken()[pri:5, instance:api.tests.VideoServiceTest@3d51f06e]" started-at="2025-01-01T22:41:16 GMT" name="testPostVideoWithInvalidToken" finished-at="2025-01-01T22:41:17 GMT" duration-ms="555" status="FAIL">
          <exception class="java.lang.AssertionError">
            <message>
              <![CDATA[Expected 401 Unauthorized status code expected [401] but found [500]]]>
            </message>
            <full-stacktrace>
              <![CDATA[java.lang.AssertionError: Expected 401 Unauthorized status code expected [401] but found [500]
at org.testng.Assert.fail(Assert.java:111)
at org.testng.Assert.failNotEquals(Assert.java:1578)
at org.testng.Assert.assertEqualsImpl(Assert.java:150)
at org.testng.Assert.assertEquals(Assert.java:132)
at org.testng.Assert.assertEquals(Assert.java:1419)
at org.testng.Assert.assertEquals(Assert.java:1383)
at api.tests.VideoServiceTest.testPostVideoWithInvalidToken(VideoServiceTest.java:207)
at java.base/jdk.internal.reflect.DirectMethodHandleAccessor.invoke(DirectMethodHandleAccessor.java:103)
at java.base/java.lang.reflect.Method.invoke(Method.java:580)
at org.testng.internal.invokers.MethodInvocationHelper.invokeMethod(MethodInvocationHelper.java:141)
at org.testng.internal.invokers.TestInvoker.invokeMethod(TestInvoker.java:686)
at org.testng.internal.invokers.TestInvoker.invokeTestMethod(TestInvoker.java:230)
at org.testng.internal.invokers.MethodRunner.runInSequence(MethodRunner.java:63)
at org.testng.internal.invokers.TestInvoker$MethodInvocationAgent.invoke(TestInvoker.java:992)
at org.testng.internal.invokers.TestInvoker.invokeTestMethods(TestInvoker.java:203)
at org.testng.internal.invokers.TestMethodWorker.invokeTestMethods(TestMethodWorker.java:154)
at org.testng.internal.invokers.TestMethodWorker.run(TestMethodWorker.java:134)
at java.base/java.util.ArrayList.forEach(ArrayList.java:1597)
at org.testng.TestRunner.privateRun(TestRunner.java:739)
at org.testng.TestRunner.run(TestRunner.java:614)
at org.testng.SuiteRunner.runTest(SuiteRunner.java:421)
at org.testng.SuiteRunner.runSequentially(SuiteRunner.java:413)
at org.testng.SuiteRunner.privateRun(SuiteRunner.java:373)
at org.testng.SuiteRunner.run(SuiteRunner.java:312)
at org.testng.SuiteRunnerWorker.runSuite(SuiteRunnerWorker.java:52)
at org.testng.SuiteRunnerWorker.run(SuiteRunnerWorker.java:95)
at org.testng.TestNG.runSuitesSequentially(TestNG.java:1274)
at org.testng.TestNG.runSuitesLocally(TestNG.java:1208)
at org.testng.TestNG.runSuites(TestNG.java:1112)
at org.testng.TestNG.run(TestNG.java:1079)
at org.apache.maven.surefire.testng.TestNGExecutor.run(TestNGExecutor.java:283)
at org.apache.maven.surefire.testng.TestNGXmlTestSuite.execute(TestNGXmlTestSuite.java:75)
at org.apache.maven.surefire.testng.TestNGProvider.invoke(TestNGProvider.java:120)
at org.apache.maven.surefire.booter.ForkedBooter.invokeProviderInSameClassLoader(ForkedBooter.java:384)
at org.apache.maven.surefire.booter.ForkedBooter.runSuitesInProcess(ForkedBooter.java:345)
at org.apache.maven.surefire.booter.ForkedBooter.execute(ForkedBooter.java:126)
at org.apache.maven.surefire.booter.ForkedBooter.main(ForkedBooter.java:418)
]]>
            </full-stacktrace>
          </exception> <!-- java.lang.AssertionError -->
          <reporter-output>
          </reporter-output>
        </test-method> <!-- testPostVideoWithInvalidToken -->
        <test-method is-config="true" signature="setUp()[pri:0, instance:api.tests.VideoServiceTest@3d51f06e]" started-at="2025-01-01T22:41:16 GMT" name="setUp" finished-at="2025-01-01T22:41:16 GMT" duration-ms="0" status="PASS">
          <reporter-output>
          </reporter-output>
        </test-method> <!-- setUp -->
        <test-method signature="testPostVideoWithMissingFields()[pri:6, instance:api.tests.VideoServiceTest@3d51f06e]" started-at="2025-01-01T22:41:17 GMT" name="testPostVideoWithMissingFields" finished-at="2025-01-01T22:41:18 GMT" duration-ms="554" status="PASS">
          <reporter-output>
          </reporter-output>
        </test-method> <!-- testPostVideoWithMissingFields -->
        <test-method is-config="true" signature="setUp()[pri:0, instance:api.tests.VideoServiceTest@3d51f06e]" started-at="2025-01-01T22:41:17 GMT" name="setUp" finished-at="2025-01-01T22:41:17 GMT" duration-ms="0" status="PASS">
          <reporter-output>
          </reporter-output>
        </test-method> <!-- setUp -->
        <test-method signature="testPostVideoWithInvalidDataFormat()[pri:7, instance:api.tests.VideoServiceTest@3d51f06e]" started-at="2025-01-01T22:41:18 GMT" name="testPostVideoWithInvalidDataFormat" finished-at="2025-01-01T22:41:18 GMT" duration-ms="539" status="PASS">
          <reporter-output>
          </reporter-output>
        </test-method> <!-- testPostVideoWithInvalidDataFormat -->
        <test-method is-config="true" signature="setUp()[pri:0, instance:api.tests.VideoServiceTest@3d51f06e]" started-at="2025-01-01T22:41:18 GMT" name="setUp" finished-at="2025-01-01T22:41:18 GMT" duration-ms="0" status="PASS">
          <reporter-output>
          </reporter-output>
        </test-method> <!-- setUp -->
        <test-method signature="testGetNonExistentVideoById()[pri:8, instance:api.tests.VideoServiceTest@3d51f06e]" started-at="2025-01-01T22:41:18 GMT" name="testGetNonExistentVideoById" finished-at="2025-01-01T22:41:19 GMT" duration-ms="572" status="PASS">
          <reporter-output>
          </reporter-output>
        </test-method> <!-- testGetNonExistentVideoById -->
        <test-method is-config="true" signature="setUp()[pri:0, instance:api.tests.VideoServiceTest@3d51f06e]" started-at="2025-01-01T22:41:18 GMT" name="setUp" finished-at="2025-01-01T22:41:18 GMT" duration-ms="0" status="PASS">
          <reporter-output>
          </reporter-output>
        </test-method> <!-- setUp -->
      </class> <!-- api.tests.VideoServiceTest -->
    </test> <!-- ServiceTest -->
    <test started-at="2025-01-01T22:41:19 GMT" name="ExcelTest" finished-at="2025-01-01T22:41:22 GMT" duration-ms="3509">
      <class name="api.tests.VideoServiceDD">
        <test-method is-config="true" signature="setUp()[pri:0, instance:api.tests.VideoServiceDD@130161f7]" started-at="2025-01-01T22:41:19 GMT" name="setUp" finished-at="2025-01-01T22:41:19 GMT" duration-ms="248" status="PASS">
          <reporter-output>
          </reporter-output>
        </test-method> <!-- setUp -->
        <test-method signature="testPostVideo()[pri:1, instance:api.tests.VideoServiceDD@130161f7]" started-at="2025-01-01T22:41:19 GMT" name="testPostVideo" finished-at="2025-01-01T22:41:20 GMT" duration-ms="752" status="PASS">
          <reporter-output>
          </reporter-output>
        </test-method> <!-- testPostVideo -->
        <test-method is-config="true" signature="setUp()[pri:0, instance:api.tests.VideoServiceDD@130161f7]" started-at="2025-01-01T22:41:20 GMT" name="setUp" finished-at="2025-01-01T22:41:20 GMT" duration-ms="32" status="PASS">
          <reporter-output>
          </reporter-output>
        </test-method> <!-- setUp -->
        <test-method signature="testGetVideoById()[pri:2, instance:api.tests.VideoServiceDD@130161f7]" started-at="2025-01-01T22:41:20 GMT" name="testGetVideoById" finished-at="2025-01-01T22:41:20 GMT" duration-ms="555" status="PASS">
          <reporter-output>
          </reporter-output>
        </test-method> <!-- testGetVideoById -->
        <test-method is-config="true" signature="setUp()[pri:0, instance:api.tests.VideoServiceDD@130161f7]" started-at="2025-01-01T22:41:20 GMT" name="setUp" finished-at="2025-01-01T22:41:20 GMT" duration-ms="18" status="PASS">
          <reporter-output>
          </reporter-output>
        </test-method> <!-- setUp -->
        <test-method signature="testPutVideo()[pri:3, instance:api.tests.VideoServiceDD@130161f7]" started-at="2025-01-01T22:41:20 GMT" name="testPutVideo" finished-at="2025-01-01T22:41:21 GMT" duration-ms="585" status="PASS">
          <reporter-output>
          </reporter-output>
        </test-method> <!-- testPutVideo -->
        <test-method is-config="true" signature="setUp()[pri:0, instance:api.tests.VideoServiceDD@130161f7]" started-at="2025-01-01T22:41:21 GMT" name="setUp" finished-at="2025-01-01T22:41:21 GMT" duration-ms="13" status="PASS">
          <reporter-output>
          </reporter-output>
        </test-method> <!-- setUp -->
        <test-method signature="testDeleteVideo()[pri:4, instance:api.tests.VideoServiceDD@130161f7]" started-at="2025-01-01T22:41:21 GMT" name="testDeleteVideo" finished-at="2025-01-01T22:41:22 GMT" duration-ms="653" status="PASS">
          <reporter-output>
          </reporter-output>
        </test-method> <!-- testDeleteVideo -->
        <test-method is-config="true" signature="setUp()[pri:0, instance:api.tests.VideoServiceDD@130161f7]" started-at="2025-01-01T22:41:22 GMT" name="setUp" finished-at="2025-01-01T22:41:22 GMT" duration-ms="12" status="PASS">
          <reporter-output>
          </reporter-output>
        </test-method> <!-- setUp -->
        <test-method signature="testInvalidPostVideo()[pri:5, instance:api.tests.VideoServiceDD@130161f7]" started-at="2025-01-01T22:41:22 GMT" name="testInvalidPostVideo" finished-at="2025-01-01T22:41:22 GMT" duration-ms="639" status="PASS">
          <reporter-output>
          </reporter-output>
        </test-method> <!-- testInvalidPostVideo -->
      </class> <!-- api.tests.VideoServiceDD -->
    </test> <!-- ExcelTest -->
  </suite> <!-- AuthSuite -->
</testng-results>
